<?xml version="1.0" encoding="UTF-8"?>
<!-- Generated by org.testng.reporters.JUnitReportReporter -->
<testsuite hostname="DESKTOP-0CMT90F" failures="0" tests="1" name="test.PatientSignUpTest" time="0.982" errors="0" timestamp="2021-08-27T15:04:52 IST" skipped="0">
  <testcase classname="test.PatientSignUpTest" name="SignUpTest" time="0.982"/>
  <system-out/>
</testsuite> <!-- test.PatientSignUpTest -->
