<?xml version="1.0" encoding="UTF-8"?>
<!-- Generated by org.testng.reporters.JUnitReportReporter -->
<testsuite hostname="DESKTOP-0CMT90F" failures="0" tests="1" name="test.PatientSignUpTest" time="0.884" errors="0" timestamp="2021-08-27T10:20:00 IST" skipped="0">
  <testcase classname="test.PatientSignUpTest" name="SignUpTest" time="0.884"/>
  <system-out/>
</testsuite> <!-- test.PatientSignUpTest -->
