<?xml version="1.0" encoding="UTF-8"?>
<!-- Generated by org.testng.reporters.JUnitReportReporter -->
<testsuite hostname="DESKTOP-0CMT90F" failures="0" tests="1" name="test.PatientSignUpTest" time="1.070" errors="0" timestamp="2021-08-25T11:10:41 IST" skipped="0">
  <testcase classname="test.PatientSignUpTest" name="SignUpTest" time="1.070"/>
  <system-out/>
</testsuite> <!-- test.PatientSignUpTest -->
