<?xml version="1.0" encoding="UTF-8"?>
<!-- Generated by org.testng.reporters.JUnitReportReporter -->
<testsuite hostname="DESKTOP-0CMT90F" failures="0" tests="1" name="test.PatientLoginTest" time="0.375" errors="0" timestamp="2021-08-25T10:37:09 IST" skipped="0">
  <testcase classname="test.PatientLoginTest" name="loginTest" time="0.375"/>
  <system-out/>
</testsuite> <!-- test.PatientLoginTest -->
